<?xml version="1.0" encoding="UTF-8"?>
<testng-results ignored="0" total="1" passed="1" failed="0" skipped="0">
  <reporter-output>
  </reporter-output>
  <suite started-at="2024-08-06T19:32:25 IST" name="Default suite" finished-at="2024-08-06T19:33:30 IST" duration-ms="64526">
    <groups>
    </groups>
    <test started-at="2024-08-06T19:32:25 IST" name="Default test" finished-at="2024-08-06T19:33:30 IST" duration-ms="64526">
      <class name="AutomationProject.AutomationFramework.LoginTest">
        <test-method signature="testL()[pri:0, instance:AutomationProject.AutomationFramework.LoginTest@5c33f1a9]" started-at="2024-08-06T19:32:25 IST" name="testL" finished-at="2024-08-06T19:33:30 IST" duration-ms="64299" status="PASS">
          <reporter-output>
          </reporter-output>
        </test-method> <!-- testL -->
      </class> <!-- AutomationProject.AutomationFramework.LoginTest -->
    </test> <!-- Default test -->
  </suite> <!-- Default suite -->
</testng-results>
